<?xml version="1.0" encoding="UTF-8"?>
<testsuite name="com.example.project.TestDay2" tests="1" skipped="0" failures="0" errors="0" timestamp="2025-01-06T23:45:04" hostname="codespaces-56e729" time="0.043">
  <properties/>
  <testcase name="testSortNames()" classname="com.example.project.TestDay2" time="0.043"/>
  <system-out><![CDATA[]]></system-out>
  <system-err><![CDATA[]]></system-err>
</testsuite>
